# JRE version: Java(TM) SE Runtime Environment (12.0.2+10) (build 12.0.2+10)
# Java VM: Java HotSpot(TM) 64-Bit Server VM (12.0.2+10, mixed mode, sharing, tiered, compressed oops, g1 gc, windows-amd64)
Heap:
 garbage-first heap   total 73728K, used 20923K [0x0000000081e00000, 0x0000000100000000)
  region size 1024K, 6 young (6144K), 5 survivors (5120K)
 Metaspace       used 34554K, capacity 35873K, committed 36144K, reserved 1081344K
  class space    used 4438K, capacity 4968K, committed 4992K, reserved 1048576K
GC Heap History (10 events):
Event: 4.460 GC heap before
{Heap before GC invocations=5 (full 0):
 garbage-first heap   total 51200K, used 35916K [0x0000000081e00000, 0x0000000100000000)
  region size 1024K, 29 young (29696K), 6 survivors (6144K)
 Metaspace       used 25475K, capacity 26475K, committed 26672K, reserved 1073152K
  class space    used 3290K, capacity 3690K, committed 3712K, reserved 1048576K
}
Event: 4.480 GC heap after
{Heap after GC invocations=6 (full 0):
 garbage-first heap   total 61440K, used 13322K [0x0000000081e00000, 0x0000000100000000)
  region size 1024K, 3 young (3072K), 3 survivors (3072K)
 Metaspace       used 25475K, capacity 26475K, committed 26672K, reserved 1073152K
  class space    used 3290K, capacity 3690K, committed 3712K, reserved 1048576K
}
Event: 5.547 GC heap before
{Heap before GC invocations=6 (full 0):
 garbage-first heap   total 61440K, used 44042K [0x0000000081e00000, 0x0000000100000000)
  region size 1024K, 33 young (33792K), 3 survivors (3072K)
 Metaspace       used 28744K, capacity 29833K, committed 30000K, reserved 1075200K
  class space    used 3760K, capacity 4182K, committed 4224K, reserved 1048576K
}
Event: 5.557 GC heap after
{Heap after GC invocations=7 (full 0):
 garbage-first heap   total 61440K, used 14678K [0x0000000081e00000, 0x0000000100000000)
  region size 1024K, 5 young (5120K), 5 survivors (5120K)
 Metaspace       used 28744K, capacity 29833K, committed 30000K, reserved 1075200K
  class space    used 3760K, capacity 4182K, committed 4224K, reserved 1048576K
}
Event: 6.103 GC heap before
{Heap before GC invocations=7 (full 0):
 garbage-first heap   total 61440K, used 44374K [0x0000000081e00000, 0x0000000100000000)
  region size 1024K, 34 young (34816K), 5 survivors (5120K)
 Metaspace       used 31580K, capacity 32771K, committed 32944K, reserved 1077248K
  class space    used 4135K, capacity 4608K, committed 4608K, reserved 1048576K
}
Event: 6.122 GC heap after
{Heap after GC invocations=8 (full 0):
 garbage-first heap   total 61440K, used 17780K [0x0000000081e00000, 0x0000000100000000)
  region size 1024K, 5 young (5120K), 5 survivors (5120K)
 Metaspace       used 31580K, capacity 32771K, committed 32944K, reserved 1077248K
  class space    used 4135K, capacity 4608K, committed 4608K, reserved 1048576K
}
Event: 6.367 GC heap before
{Heap before GC invocations=8 (full 0):
 garbage-first heap   total 61440K, used 45428K [0x0000000081e00000, 0x0000000100000000)
  region size 1024K, 32 young (32768K), 5 survivors (5120K)
 Metaspace       used 32173K, capacity 33377K, committed 33584K, reserved 1079296K
  class space    used 4149K, capacity 4611K, committed 4736K, reserved 1048576K
}
Event: 6.382 GC heap after
{Heap after GC invocations=9 (full 0):
 garbage-first heap   total 61440K, used 18076K [0x0000000081e00000, 0x0000000100000000)
  region size 1024K, 2 young (2048K), 2 survivors (2048K)
 Metaspace       used 32173K, capacity 33377K, committed 33584K, reserved 1079296K
  class space    used 4149K, capacity 4611K, committed 4736K, reserved 1048576K
}
Event: 6.766 GC heap before
{Heap before GC invocations=9 (full 0):
 garbage-first heap   total 61440K, used 44700K [0x0000000081e00000, 0x0000000100000000)
  region size 1024K, 29 young (29696K), 2 survivors (2048K)
 Metaspace       used 33443K, capacity 34741K, committed 34992K, reserved 1079296K
  class space    used 4300K, capacity 4808K, committed 4864K, reserved 1048576K
}
Event: 6.773 GC heap after
{Heap after GC invocations=10 (full 0):
 garbage-first heap   total 73728K, used 19275K [0x0000000081e00000, 0x0000000100000000)
  region size 1024K, 3 young (3072K), 3 survivors (3072K)
 Metaspace       used 33443K, capacity 34741K, committed 34992K, reserved 1079296K
  class space    used 4300K, capacity 4808K, committed 4864K, reserved 1048576K
}

